
=== Sun Dec 30 20:22:36 2018

Packages were changed.
Update Mode: updateDependencies

The following packages were added:
  com.unity.collab-proxy@1.2.9
  com.unity.timeline@0.0.0-builtin
  com.unity.xr.legacyinputhelpers@1.0.0
The following packages were updated:
  com.unity.package-manager-ui from version 1.9.11 to 0.0.0-builtin
  com.unity.textmeshpro from version 1.2.4 to 1.3.0

=== Thu Apr  4 21:02:37 2019

Packages were changed.
Update Mode: updateDependencies

The following packages were updated:
  com.unity.package-manager-ui from version 0.0.0-builtin to 2.1.2
  com.unity.textmeshpro from version 1.3.0 to 2.0.0

=== Fri Apr  5 23:35:29 2019

Packages were changed.
Update Mode: resetToDefaultDependencies

The following packages were added:
  com.unity.analytics@3.3.2
  com.unity.purchasing@2.0.1
  com.unity.ads@2.0.8
  com.unity.collab-proxy@1.2.15
  com.unity.timeline@1.0.0

=== Wed Apr 17 00:04:51 2019

Packages were changed.
Update Mode: updateDependencies

The following packages were updated:
  com.unity.collab-proxy from version 1.2.15 to 1.2.16
  com.unity.purchasing from version 2.0.1 to 2.0.6

=== Sun May 26 00:11:10 2019

Packages were changed.
Update Mode: updateDependencies

The following packages were added:
  com.unity.2d.tilemap@1.0.0
  com.unity.ext.nunit@1.0.0
  com.unity.test-framework@1.0.13
  com.unity.2d.sprite@1.0.0
  com.unity.ide.vscode@1.0.4
  com.unity.ide.visualstudio@1.0.5
  com.unity.ide.rider@1.0.4
  com.unity.ugui@1.0.0
  com.unity.modules.androidjni@1.0.0
The following packages were updated:
  com.unity.package-manager-ui from version 2.1.2 to 2.2.0
  com.unity.timeline from version 1.0.0 to 1.1.0

=== Sun May 26 05:07:13 2019

Packages were changed.
Update Mode: resetToDefaultDependencies

The following packages were updated:
  com.unity.textmeshpro from version 2.0.1 to 2.0.0
  com.unity.package-manager-ui from version 2.2.0 to 2.1.2
  com.unity.timeline from version 1.1.0 to 1.0.0
The following packages were removed:
  com.adrianmiasik.textensions@file:D:/Personal/Software Development/AdrianMiasik@GitHub - Repositories/Public/textensions
  com.unity.2d.tilemap@1.0.0
  com.unity.ext.nunit@1.0.0
  com.unity.ide.rider@1.0.8
  com.unity.quicksearch@1.1.0-preview.1
  com.unity.test-framework@1.0.13
  com.unity.modules.androidjni@1.0.0

=== Mon Sep 23 18:25:54 2019

Packages were changed.
Update Mode: updateDependencies

The following packages were added:
  com.unity.2d.tilemap@1.0.0
  com.unity.test-framework@1.1.1
  com.unity.2d.sprite@1.0.0
  com.unity.ide.vscode@1.0.7
  com.unity.ide.rider@1.1.0
  com.unity.ugui@1.0.0
  com.unity.modules.androidjni@1.0.0
The following packages were updated:
  com.unity.textmeshpro from version 2.0.0 to 2.0.1
  com.unity.timeline from version 1.0.0 to 1.2.2
The following packages were removed:
  com.unity.package-manager-ui@2.1.2
